#
# A fatal error has been detected by the Java Runtime Environment:
#
#  SIGSEGV (0xb) at pc=0x00000001086f0449, pid=5837, tid=25347
#
# JRE version: OpenJDK Runtime Environment (16.0.2+7) (build 16.0.2+7-67)
# Java VM: OpenJDK 64-Bit Server VM (16.0.2+7-67, mixed mode, tiered, compressed oops, compressed class ptrs, g1 gc, bsd-amd64)
# Problematic frame:
# C  [libjimage.dylib+0x3449]  ImageFileReader::find_location_index(char const*, unsigned long long*) const+0x89
#
# No core dump will be written. Core dumps have been disabled. To enable core dumping, try "ulimit -c unlimited" before starting Java again
#
# If you would like to submit a bug report, please visit:
#   https://bugreport.java.com/bugreport/crash.jsp
#

---------------  S U M M A R Y ------------

Command Line: -XX:+ShowCodeDetailsInExceptionMessages -agentlib:jdwp=transport=dt_socket,suspend=y,address=localhost:56480 -javaagent:/Applications/Eclipse 2.app/Contents/Eclipse/configuration/org.eclipse.osgi/213/0/.cp/lib/javaagent-shaded.jar -Dfile.encoding=UTF-8 Solution

Host: MacBookPro17,1 x86_64 2400 MHz, 8 cores, 8G, Darwin 20.5.0, macOS 10.16 (20F71)
Time: Thu Sep 22 13:53:49 2022 CDT elapsed time: 7002.089925 seconds (0d 1h 56m 42s)

---------------  T H R E A D  ---------------

Current thread (0x00007faf6e808800):  JavaThread "Signal Dispatcher" daemon [_thread_in_vm, id=25347, stack(0x00000003055b3000,0x00000003056b3000)]

Stack: [0x00000003055b3000,0x00000003056b3000],  sp=0x00000003056b13d0,  free space=1016k
Native frames: (J=compiled Java code, A=aot compiled Java code, j=interpreted, Vv=VM code, C=native code)
C  [libjimage.dylib+0x3449]  ImageFileReader::find_location_index(char const*, unsigned long long*) const+0x89
C  [libjimage.dylib+0x38c0]  JIMAGE_FindResource+0xd0
V  [libjvm.dylib+0x2dfa5a]  ClassPathImageEntry::open_stream_for_loader(char const*, ClassLoaderData*, Thread*)+0x7a
V  [libjvm.dylib+0x2e37eb]  ClassLoader::load_class(Symbol*, bool, Thread*)+0x13b
V  [libjvm.dylib+0x9c07bb]  SystemDictionary::load_instance_class(Symbol*, Handle, Thread*)+0x39b
V  [libjvm.dylib+0x9bef73]  SystemDictionary::resolve_instance_class_or_null(Symbol*, Handle, Handle, Thread*)+0x6a3
V  [libjvm.dylib+0x9be325]